+ echo /etc/resolv.conf
+ pmaker -n resolvconf --pversion 0.1 -w /tmp/2 -vv --no-mock -
02:21:04 INFO    Using config parser: <class 'pmaker.anycfg.IniConfigParser'>
02:21:04 INFO    /etc/pmaker.conf does not exist.
02:21:04 INFO    Using config parser: <class 'pmaker.anycfg.IniConfigParser'>
02:21:04 INFO    /home/ssato/.config/pmaker does not exist.
02:21:04 INFO    Using config parser: <class 'pmaker.anycfg.IniConfigParser'>
02:21:04 INFO    /home/ssato/.pmakerrc does not exist.
02:21:04 DEBUG   Adding RpmAttributeModifier
02:21:04 DEBUG   Adding RpmConflictsModifier
02:21:04 WARNING Failed to get stat from rpm db: /etc/resolv.conf
02:21:04 INFO    Setting up src tree in /tmp/2/resolvconf-0.1: resolvconf
02:21:04 DEBUG   Creating a directory: /tmp/2/resolvconf-0.1
02:21:04 DEBUG   Creating a directory: /tmp/2/resolvconf-0.1/src
02:21:04 DEBUG   Copying: from=/etc/resolv.conf, to=/tmp/2/resolvconf-0.1/src/etc/resolv.conf
02:21:04 INFO    Run: cp -a /etc/resolv.conf /tmp/2/resolvconf-0.1/src/etc/resolv.conf > /dev/null [/var/lib/repos/ssato/github.com/ssato/packagemaker.git]
02:21:04 DEBUG   Finished: cp -a /etc/resolv.conf /tmp/2/resolvconf-0.1/src/etc/resolv.conf > /dev/null [/var/lib/repos/ssato/github.com/ssato/packagemaker.git]
02:21:04 INFO    Using config parser: <class 'pmaker.anycfg.JsonConfigPaser'>
02:21:04 DEBUG   Save to: /tmp/2/resolvconf-0.1/pmaker-config.json
02:21:04 INFO    Run: touch /tmp/2/resolvconf-0.1/pmaker-setup.stamp > /dev/null [/tmp/2/resolvconf-0.1]
02:21:04 DEBUG   Finished: touch /tmp/2/resolvconf-0.1/pmaker-setup.stamp > /dev/null [/tmp/2/resolvconf-0.1]
02:21:04 INFO    Preparing aux files in /tmp/2/resolvconf-0.1: resolvconf
02:21:04 DEBUG   template search_paths=/usr/share/pmaker/templates
02:21:04 INFO    Found template: /usr/share/pmaker/templates/1/autotools.single/configure.ac
02:21:04 DEBUG   template search_paths=/usr/share/pmaker/templates
02:21:04 INFO    Found template: /usr/share/pmaker/templates/1/autotools.single/Makefile.am
02:21:04 DEBUG   template search_paths=/usr/share/pmaker/templates
02:21:04 INFO    Found template: /usr/share/pmaker/templates/1/common/README
02:21:04 DEBUG   template search_paths=/usr/share/pmaker/templates
02:21:04 INFO    Found template: /usr/share/pmaker/templates/1/common/manifest
02:21:04 DEBUG   template search_paths=/usr/share/pmaker/templates
02:21:04 INFO    Found template: /usr/share/pmaker/templates/1/common/manifest.overrides
02:21:04 DEBUG   template search_paths=/usr/share/pmaker/templates
02:21:04 INFO    Found template: /usr/share/pmaker/templates/1/common/apply-overrides
02:21:04 DEBUG   template search_paths=/usr/share/pmaker/templates
02:21:04 INFO    Found template: /usr/share/pmaker/templates/1/common/revert-overrides
02:21:04 DEBUG   template search_paths=/usr/share/pmaker/templates
02:21:04 INFO    Found template: /usr/share/pmaker/templates/1/autotools/rpm.mk
02:21:04 DEBUG   template search_paths=/usr/share/pmaker/templates
02:21:04 INFO    Found template: /usr/share/pmaker/templates/1/autotools/package.spec
02:21:04 INFO    Run: touch /tmp/2/resolvconf-0.1/pmaker-preconfigure.stamp > /dev/null [/tmp/2/resolvconf-0.1]
02:21:04 DEBUG   Finished: touch /tmp/2/resolvconf-0.1/pmaker-preconfigure.stamp > /dev/null [/tmp/2/resolvconf-0.1]
02:21:04 INFO    Configuring build aux files: resolvconf
02:21:04 INFO    Run: autoreconf -vfi > /dev/null [/tmp/2/resolvconf-0.1]
autoreconf: Entering directory `.'
autoreconf: configure.ac: not using Gettext
autoreconf: running: aclocal --force 
autoreconf: configure.ac: tracing
autoreconf: configure.ac: not using Libtool
autoreconf: running: /usr/bin/autoconf --force
autoreconf: configure.ac: not using Autoheader
autoreconf: running: automake --add-missing --copy --force-missing
configure.ac:2: installing `./install-sh'
configure.ac:2: installing `./missing'
autoreconf: Leaving directory `.'
02:21:21 DEBUG   Finished: autoreconf -vfi > /dev/null [/tmp/2/resolvconf-0.1]
02:21:21 INFO    Run: touch /tmp/2/resolvconf-0.1/pmaker-configure.stamp > /dev/null [/tmp/2/resolvconf-0.1]
02:21:21 DEBUG   Finished: touch /tmp/2/resolvconf-0.1/pmaker-configure.stamp > /dev/null [/tmp/2/resolvconf-0.1]
02:21:21 INFO    Building source package: resolvconf
02:21:21 INFO    Run: ./configure --quiet > /dev/null [/tmp/2/resolvconf-0.1]
02:21:24 DEBUG   Finished: ./configure --quiet > /dev/null [/tmp/2/resolvconf-0.1]
02:21:24 INFO    Run: make > /dev/null [/tmp/2/resolvconf-0.1]
02:21:24 DEBUG   Finished: make > /dev/null [/tmp/2/resolvconf-0.1]
02:21:24 INFO    Run: make dist > /dev/null [/tmp/2/resolvconf-0.1]
02:21:25 DEBUG   Finished: make dist > /dev/null [/tmp/2/resolvconf-0.1]
02:21:25 INFO    Run: make srpm > /dev/null [/tmp/2/resolvconf-0.1]
02:21:27 DEBUG   Finished: make srpm > /dev/null [/tmp/2/resolvconf-0.1]
02:21:27 INFO    Run: touch /tmp/2/resolvconf-0.1/pmaker-sbuild.stamp > /dev/null [/tmp/2/resolvconf-0.1]
02:21:27 DEBUG   Finished: touch /tmp/2/resolvconf-0.1/pmaker-sbuild.stamp > /dev/null [/tmp/2/resolvconf-0.1]
02:21:27 INFO    Building binary package[s]: resolvconf
02:21:27 INFO    Run: make rpm > /dev/null [/tmp/2/resolvconf-0.1]
configure: WARNING: unrecognized options: --disable-dependency-tracking
configure: WARNING: unrecognized options: --disable-dependency-tracking
02:21:33 DEBUG   Finished: make rpm > /dev/null [/tmp/2/resolvconf-0.1]
02:21:33 INFO    Run: touch /tmp/2/resolvconf-0.1/pmaker-build.stamp > /dev/null [/tmp/2/resolvconf-0.1]
02:21:34 DEBUG   Finished: touch /tmp/2/resolvconf-0.1/pmaker-build.stamp > /dev/null [/tmp/2/resolvconf-0.1]
02:21:34 INFO    Created packages in /tmp/2/resolvconf-0.1: resolvconf
+ ls /tmp/2
resolvconf-0.1
+ ls /tmp/2/resolvconf-0.1/
MANIFEST
MANIFEST.overrides
Makefile
Makefile.am
Makefile.in
README
aclocal.m4
apply-overrides
autom4te.cache
config.log
config.status
configure
configure.ac
install-sh
missing
pmaker-build.stamp
pmaker-config.json
pmaker-configure.stamp
pmaker-filelist.pkl
pmaker-preconfigure.stamp
pmaker-sbuild.stamp
pmaker-setup.stamp
resolvconf-0.1-1.fc14.noarch.rpm
resolvconf-0.1-1.fc14.src.rpm
resolvconf-0.1.tar.xz
resolvconf.spec
revert-overrides
rpm
rpm.mk
src
+ rpm -qlp /tmp/2/resolvconf-0.1/resolvconf-0.1-1.fc14.noarch.rpm
/etc/resolv.conf
/usr/share/doc/resolvconf-0.1
/usr/share/doc/resolvconf-0.1/README
/usr/share/doc/resolvconf-0.1/pmaker-config.json
