+ echo examples/etc/resolv.conf
+ pmaker -n resolvconf --pversion 0.1 -w /tmp/3 -vv --no-mock --destdir examples -
06:27:29 INFO    Using config parser: <class 'pmaker.anycfg.IniConfigParser'>
06:27:29 INFO    /etc/pmaker.conf does not exist.
06:27:29 INFO    Using config parser: <class 'pmaker.anycfg.IniConfigParser'>
06:27:29 INFO    /home/ssato/.config/pmaker does not exist.
06:27:29 INFO    Using config parser: <class 'pmaker.anycfg.IniConfigParser'>
06:27:29 INFO    /home/ssato/.pmakerrc does not exist.
06:27:29 DEBUG   Adding RpmAttributeModifier
06:27:29 DEBUG   Adding RpmConflictsModifier
06:27:29 INFO    Not in rpm db. Looks no rpms own examples/etc/resolv.conf
06:27:29 DEBUG   Rewrote installation path from examples/etc/resolv.conf to /etc/resolv.conf
06:27:29 INFO    Setting up src tree in /tmp/3/resolvconf-0.1: resolvconf
06:27:29 DEBUG   Creating a directory: /tmp/3/resolvconf-0.1
06:27:29 DEBUG   Creating a directory: /tmp/3/resolvconf-0.1/src
06:27:29 DEBUG   Copying: from=examples/etc/resolv.conf, to=/tmp/3/resolvconf-0.1/src/etc/resolv.conf
06:27:29 INFO    Run: cp -a examples/etc/resolv.conf /tmp/3/resolvconf-0.1/src/etc/resolv.conf > /dev/null [/home/ssato/repos/public/github.com/ssato/packagemaker.git]
06:27:29 DEBUG   Finished: cp -a examples/etc/resolv.conf /tmp/3/resolvconf-0.1/src/etc/resolv.conf > /dev/null [/home/ssato/repos/public/github.com/ssato/packagemaker.git]
06:27:29 INFO    Using config parser: <class 'pmaker.anycfg.JsonConfigPaser'>
06:27:29 DEBUG   Save to: /tmp/3/resolvconf-0.1/pmaker-config.json
06:27:29 INFO    Run: touch /tmp/3/resolvconf-0.1/pmaker-setup.stamp > /dev/null [/tmp/3/resolvconf-0.1]
06:27:29 DEBUG   Finished: touch /tmp/3/resolvconf-0.1/pmaker-setup.stamp > /dev/null [/tmp/3/resolvconf-0.1]
06:27:29 INFO    Preparing aux files in /tmp/3/resolvconf-0.1: resolvconf
06:27:29 DEBUG   template search_paths=/usr/share/pmaker/templates
06:27:29 INFO    Found template: /usr/share/pmaker/templates/1/autotools.single/configure.ac
06:27:29 DEBUG   template search_paths=/usr/share/pmaker/templates
06:27:29 INFO    Found template: /usr/share/pmaker/templates/1/autotools.single/Makefile.am
06:27:29 DEBUG   template search_paths=/usr/share/pmaker/templates
06:27:29 INFO    Found template: /usr/share/pmaker/templates/1/common/README
06:27:29 DEBUG   template search_paths=/usr/share/pmaker/templates
06:27:29 INFO    Found template: /usr/share/pmaker/templates/1/common/manifest
06:27:29 DEBUG   template search_paths=/usr/share/pmaker/templates
06:27:29 INFO    Found template: /usr/share/pmaker/templates/1/common/manifest.overrides
06:27:29 DEBUG   template search_paths=/usr/share/pmaker/templates
06:27:29 INFO    Found template: /usr/share/pmaker/templates/1/common/apply-overrides
06:27:29 DEBUG   template search_paths=/usr/share/pmaker/templates
06:27:29 INFO    Found template: /usr/share/pmaker/templates/1/common/revert-overrides
06:27:29 DEBUG   template search_paths=/usr/share/pmaker/templates
06:27:29 INFO    Found template: /usr/share/pmaker/templates/1/autotools/rpm.mk
06:27:29 DEBUG   template search_paths=/usr/share/pmaker/templates
06:27:29 INFO    Found template: /usr/share/pmaker/templates/1/autotools/package.spec
06:27:29 INFO    Run: touch /tmp/3/resolvconf-0.1/pmaker-preconfigure.stamp > /dev/null [/tmp/3/resolvconf-0.1]
06:27:29 DEBUG   Finished: touch /tmp/3/resolvconf-0.1/pmaker-preconfigure.stamp > /dev/null [/tmp/3/resolvconf-0.1]
06:27:29 INFO    Configuring build aux files: resolvconf
06:27:29 INFO    Run: autoreconf -vfi > /dev/null [/tmp/3/resolvconf-0.1]
autoreconf: Entering directory `.'
autoreconf: configure.ac: not using Gettext
autoreconf: running: aclocal --force 
autoreconf: configure.ac: tracing
autoreconf: configure.ac: not using Libtool
autoreconf: running: /usr/bin/autoconf --force
autoreconf: configure.ac: not using Autoheader
autoreconf: running: automake --add-missing --copy --force-missing
configure.ac:2: installing `./install-sh'
configure.ac:2: installing `./missing'
autoreconf: Leaving directory `.'
06:27:32 DEBUG   Finished: autoreconf -vfi > /dev/null [/tmp/3/resolvconf-0.1]
06:27:32 INFO    Run: touch /tmp/3/resolvconf-0.1/pmaker-configure.stamp > /dev/null [/tmp/3/resolvconf-0.1]
06:27:32 DEBUG   Finished: touch /tmp/3/resolvconf-0.1/pmaker-configure.stamp > /dev/null [/tmp/3/resolvconf-0.1]
06:27:32 INFO    Building source package: resolvconf
06:27:32 INFO    Run: ./configure --quiet > /dev/null [/tmp/3/resolvconf-0.1]
06:27:33 DEBUG   Finished: ./configure --quiet > /dev/null [/tmp/3/resolvconf-0.1]
06:27:33 INFO    Run: make > /dev/null [/tmp/3/resolvconf-0.1]
06:27:33 DEBUG   Finished: make > /dev/null [/tmp/3/resolvconf-0.1]
06:27:33 INFO    Run: make dist > /dev/null [/tmp/3/resolvconf-0.1]
06:27:34 DEBUG   Finished: make dist > /dev/null [/tmp/3/resolvconf-0.1]
06:27:34 INFO    Run: make srpm > /dev/null [/tmp/3/resolvconf-0.1]
06:27:34 DEBUG   Finished: make srpm > /dev/null [/tmp/3/resolvconf-0.1]
06:27:34 INFO    Run: touch /tmp/3/resolvconf-0.1/pmaker-sbuild.stamp > /dev/null [/tmp/3/resolvconf-0.1]
06:27:34 DEBUG   Finished: touch /tmp/3/resolvconf-0.1/pmaker-sbuild.stamp > /dev/null [/tmp/3/resolvconf-0.1]
06:27:34 INFO    Building binary package[s]: resolvconf
06:27:34 INFO    Run: make rpm > /dev/null [/tmp/3/resolvconf-0.1]
configure: WARNING: unrecognized options: --disable-dependency-tracking
configure: WARNING: unrecognized options: --disable-dependency-tracking
06:27:36 DEBUG   Finished: make rpm > /dev/null [/tmp/3/resolvconf-0.1]
06:27:36 INFO    Run: touch /tmp/3/resolvconf-0.1/pmaker-build.stamp > /dev/null [/tmp/3/resolvconf-0.1]
06:27:36 DEBUG   Finished: touch /tmp/3/resolvconf-0.1/pmaker-build.stamp > /dev/null [/tmp/3/resolvconf-0.1]
06:27:36 INFO    Created packages in /tmp/3/resolvconf-0.1: resolvconf
+ ls /tmp/3
resolvconf-0.1
+ ls /tmp/3/resolvconf-0.1/
MANIFEST
MANIFEST.overrides
Makefile
Makefile.am
Makefile.in
README
aclocal.m4
apply-overrides
autom4te.cache
config.log
config.status
configure
configure.ac
install-sh
missing
pmaker-build.stamp
pmaker-config.json
pmaker-configure.stamp
pmaker-filelist.pkl
pmaker-preconfigure.stamp
pmaker-sbuild.stamp
pmaker-setup.stamp
resolvconf-0.1-1.fc16.noarch.rpm
resolvconf-0.1-1.fc16.src.rpm
resolvconf-0.1.tar.xz
resolvconf.spec
revert-overrides
rpm
rpm.mk
src
+ rpm -qlp /tmp/3/resolvconf-0.1/resolvconf-0.1-1.fc16.noarch.rpm
/etc/resolv.conf
/usr/share/doc/resolvconf-0.1
/usr/share/doc/resolvconf-0.1/README
/usr/share/doc/resolvconf-0.1/pmaker-config.json
