+ test -d /tmp/6
+ mkdir -p /tmp/6
+ echo /etc/resolv.conf
+ pmaker -n resolvconf --pversion 0.1 -w /tmp/6 -vv --no-mock --backend buildrpm.rpm --relations 'requires:bash,zsh;obsoletes:sysdata;conflicts:foo' /tmp/6/files.list
10:23:05 INFO    Using config parser: <class 'pmaker.anycfg.IniConfigParser'>
10:23:05 INFO    /etc/pmaker.conf does not exist.
10:23:05 INFO    Using config parser: <class 'pmaker.anycfg.IniConfigParser'>
10:23:05 INFO    /home/ssato/.config/pmaker does not exist.
10:23:05 INFO    Using config parser: <class 'pmaker.anycfg.IniConfigParser'>
10:23:05 INFO    /home/ssato/.pmakerrc does not exist.
10:23:05 DEBUG   Adding RpmAttributeModifier
10:23:05 DEBUG   Adding RpmConflictsModifier
10:23:06 WARNING Failed to get stat from rpm db: /etc/resolv.conf
10:23:06 DEBUG   pkgdata.relations=[{'type': 'Requires', 'targets': ['bash', 'zsh']}, {'type': 'Obsoletes', 'targets': ['sysdata']}, {'type': 'Conflicts', 'targets': ['foo']}]
10:23:06 INFO    Setting up src tree in /tmp/6/resolvconf-0.1: resolvconf
10:23:06 DEBUG   Creating a directory: /tmp/6/resolvconf-0.1
10:23:06 DEBUG   Creating a directory: /tmp/6/resolvconf-0.1/src
10:23:06 DEBUG   Copying: from=/etc/resolv.conf, to=/tmp/6/resolvconf-0.1/src/etc/resolv.conf
10:23:06 INFO    Run: cp -a /etc/resolv.conf /tmp/6/resolvconf-0.1/src/etc/resolv.conf > /dev/null [/var/lib/repos/ssato/github.com/ssato/packagemaker.git]
10:23:06 DEBUG   Finished: cp -a /etc/resolv.conf /tmp/6/resolvconf-0.1/src/etc/resolv.conf > /dev/null [/var/lib/repos/ssato/github.com/ssato/packagemaker.git]
10:23:06 INFO    Using config parser: <class 'pmaker.anycfg.JsonConfigPaser'>
10:23:06 DEBUG   Save to: /tmp/6/resolvconf-0.1/pmaker-config.json
10:23:06 INFO    Run: touch /tmp/6/resolvconf-0.1/pmaker-setup.stamp > /dev/null [/tmp/6/resolvconf-0.1]
10:23:06 DEBUG   Finished: touch /tmp/6/resolvconf-0.1/pmaker-setup.stamp > /dev/null [/tmp/6/resolvconf-0.1]
10:23:06 INFO    Preparing aux files in /tmp/6/resolvconf-0.1: resolvconf
10:23:06 DEBUG   template search_paths=/usr/share/pmaker/templates
10:23:06 INFO    Found template: /usr/share/pmaker/templates/1/common/README
10:23:06 DEBUG   template search_paths=/usr/share/pmaker/templates
10:23:06 INFO    Found template: /usr/share/pmaker/templates/1/buildrpm/Makefile
10:23:06 DEBUG   template search_paths=/usr/share/pmaker/templates
10:23:06 INFO    Found template: /usr/share/pmaker/templates/1/common/apply-overrides
10:23:06 DEBUG   template search_paths=/usr/share/pmaker/templates
10:23:06 INFO    Found template: /usr/share/pmaker/templates/1/common/revert-overrides
10:23:06 DEBUG   template search_paths=/usr/share/pmaker/templates
10:23:06 INFO    Found template: /usr/share/pmaker/templates/1/buildrpm/rpm.mk
10:23:06 DEBUG   template search_paths=/usr/share/pmaker/templates
10:23:06 INFO    Found template: /usr/share/pmaker/templates/1/buildrpm/package.spec
10:23:06 INFO    Run: touch /tmp/6/resolvconf-0.1/pmaker-preconfigure.stamp > /dev/null [/tmp/6/resolvconf-0.1]
10:23:06 DEBUG   Finished: touch /tmp/6/resolvconf-0.1/pmaker-preconfigure.stamp > /dev/null [/tmp/6/resolvconf-0.1]
10:23:06 INFO    Configuring build aux files: resolvconf
10:23:06 INFO    Run: touch /tmp/6/resolvconf-0.1/pmaker-configure.stamp > /dev/null [/tmp/6/resolvconf-0.1]
10:23:06 DEBUG   Finished: touch /tmp/6/resolvconf-0.1/pmaker-configure.stamp > /dev/null [/tmp/6/resolvconf-0.1]
10:23:06 INFO    Building source package: resolvconf
10:23:06 INFO    Run: make dist > /tmp/6/resolvconf-0.1/pmaker.sbuild.log > /dev/null [/tmp/6/resolvconf-0.1]
resolvconf-0.1/
resolvconf-0.1/pmaker.sbuild.log
resolvconf-0.1/pmaker-configure.stamp
resolvconf-0.1/pmaker-preconfigure.stamp
resolvconf-0.1/resolvconf.spec
resolvconf-0.1/rpm.mk
resolvconf-0.1/revert-overrides
resolvconf-0.1/apply-overrides
resolvconf-0.1/Makefile
resolvconf-0.1/README
resolvconf-0.1/pmaker-setup.stamp
resolvconf-0.1/pmaker-config.json
resolvconf-0.1/pmaker-filelist.pkl
resolvconf-0.1/src/
resolvconf-0.1/src/etc/
resolvconf-0.1/src/etc/resolv.conf
(stdin): 2,396 B / 20.0 KiB = 0.117
10:23:06 DEBUG   Finished: make dist > /tmp/6/resolvconf-0.1/pmaker.sbuild.log > /dev/null [/tmp/6/resolvconf-0.1]
10:23:06 INFO    Run: touch /tmp/6/resolvconf-0.1/pmaker-sbuild.stamp > /dev/null [/tmp/6/resolvconf-0.1]
10:23:06 DEBUG   Finished: touch /tmp/6/resolvconf-0.1/pmaker-sbuild.stamp > /dev/null [/tmp/6/resolvconf-0.1]
10:23:06 INFO    Building binary package[s]: resolvconf
10:23:06 INFO    Run: make rpm > /dev/null [/tmp/6/resolvconf-0.1]
10:23:07 DEBUG   Finished: make rpm > /dev/null [/tmp/6/resolvconf-0.1]
10:23:07 INFO    Run: touch /tmp/6/resolvconf-0.1/pmaker-build.stamp > /dev/null [/tmp/6/resolvconf-0.1]
10:23:07 DEBUG   Finished: touch /tmp/6/resolvconf-0.1/pmaker-build.stamp > /dev/null [/tmp/6/resolvconf-0.1]
10:23:07 INFO    Created packages in /tmp/6/resolvconf-0.1: resolvconf
+ ls /tmp/6
files.list
resolvconf-0.1
+ ls /tmp/6/resolvconf-0.1/
Makefile
README
apply-overrides
pmaker-build.stamp
pmaker-config.json
pmaker-configure.stamp
pmaker-filelist.pkl
pmaker-preconfigure.stamp
pmaker-sbuild.stamp
pmaker-setup.stamp
pmaker.sbuild.log
resolvconf-0.1-1.fc14.noarch.rpm
resolvconf-0.1.tar.xz
resolvconf.spec
revert-overrides
rpm
rpm.mk
src
+ sed -nr '/^[A-Z][a-z]+:/p' /tmp/6/resolvconf-0.1/resolvconf.spec
Name:           resolvconf
Version:        0.1
Release:        1%{?dist}
Summary:        Custom package of resolvconf
Group:          System Environment/Base
License:        GPLv3+
Requires:       bash, zsh
Obsoletes:       sysdata
Conflicts:       foo
+ rpm -qlp /tmp/6/resolvconf-0.1/resolvconf-0.1-1.fc14.noarch.rpm
/etc/resolv.conf
/usr/share/doc/resolvconf-0.1
/usr/share/doc/resolvconf-0.1/README
/usr/share/doc/resolvconf-0.1/pmaker-config.json
