+ test -d /tmp/11
+ mkdir -p /tmp/11
+ pmaker -w /tmp/11 -C ./examples/config_01.yaml
06:28:00 WARNING /etc/auto.master is owned by autofs
06:28:00 WARNING /etc/auto.master.d is owned by autofs
06:28:00 WARNING /etc/auto.misc is owned by autofs
06:28:00 WARNING /etc/auto.net is owned by autofs
06:28:00 WARNING /etc/auto.smb is owned by autofs
06:28:00 WARNING Filtered out as not exist: path=/etc/httpd/conf.d, type=dir
06:28:00 WARNING Filtered out as not exist: path=/etc/httpd/conf.d/*, type=dir
06:28:00 WARNING /etc/modprobe.d/blacklist.conf is owned by hwdata
06:28:00 WARNING /etc/modprobe.d/dist-alsa.conf is owned by module-init-tools
06:28:00 WARNING /etc/modprobe.d/dist-oss.conf is owned by module-init-tools
06:28:00 WARNING /etc/modprobe.d/dist.conf is owned by module-init-tools
06:28:00 WARNING /etc/modprobe.d/udlfb.conf is owned by systemd
06:28:00 WARNING Filtered out as not exist: path=/etc/not-existent-file, type=dir
06:28:00 WARNING /etc/rc.d/init.d is owned by chkconfig
06:28:00 WARNING Filtered out as not exist: path=/etc/rc.d/rc, type=dir
06:28:00 WARNING Filtered out as not exist: path=/root/*, type=dir
06:28:00 WARNING /usr/share/automake-1.11/am/ansi2knr.am is owned by automake
06:28:00 WARNING /usr/share/automake-1.11/am/check.am is owned by automake
06:28:00 WARNING /usr/share/automake-1.11/am/check2.am is owned by automake
06:28:00 WARNING /usr/share/automake-1.11/am/clean-hdr.am is owned by automake
06:28:00 WARNING /usr/share/automake-1.11/am/clean.am is owned by automake
06:28:00 WARNING /usr/share/automake-1.11/am/compile.am is owned by automake
06:28:00 WARNING /usr/share/automake-1.11/am/configure.am is owned by automake
06:28:00 WARNING /usr/share/automake-1.11/am/data.am is owned by automake
06:28:00 WARNING /usr/share/automake-1.11/am/dejagnu.am is owned by automake
06:28:00 WARNING /usr/share/automake-1.11/am/depend.am is owned by automake
06:28:00 WARNING /usr/share/automake-1.11/am/depend2.am is owned by automake
06:28:00 WARNING /usr/share/automake-1.11/am/distdir.am is owned by automake
06:28:00 WARNING /usr/share/automake-1.11/am/footer.am is owned by automake
06:28:00 WARNING /usr/share/automake-1.11/am/header-vars.am is owned by automake
06:28:00 WARNING /usr/share/automake-1.11/am/header.am is owned by automake
06:28:00 WARNING /usr/share/automake-1.11/am/inst-vars.am is owned by automake
06:28:00 WARNING /usr/share/automake-1.11/am/install.am is owned by automake
06:28:00 WARNING /usr/share/automake-1.11/am/java.am is owned by automake
06:28:00 WARNING /usr/share/automake-1.11/am/lang-compile.am is owned by automake
06:28:00 WARNING /usr/share/automake-1.11/am/lex.am is owned by automake
06:28:00 WARNING /usr/share/automake-1.11/am/library.am is owned by automake
06:28:00 WARNING /usr/share/automake-1.11/am/libs.am is owned by automake
06:28:00 WARNING /usr/share/automake-1.11/am/libtool.am is owned by automake
06:28:00 WARNING /usr/share/automake-1.11/am/lisp.am is owned by automake
06:28:00 WARNING /usr/share/automake-1.11/am/ltlib.am is owned by automake
06:28:00 WARNING /usr/share/automake-1.11/am/ltlibrary.am is owned by automake
06:28:00 WARNING /usr/share/automake-1.11/am/mans-vars.am is owned by automake
06:28:00 WARNING /usr/share/automake-1.11/am/mans.am is owned by automake
06:28:00 WARNING /usr/share/automake-1.11/am/multilib.am is owned by automake
06:28:00 WARNING /usr/share/automake-1.11/am/program.am is owned by automake
06:28:00 WARNING /usr/share/automake-1.11/am/progs.am is owned by automake
06:28:00 WARNING /usr/share/automake-1.11/am/python.am is owned by automake
06:28:00 WARNING /usr/share/automake-1.11/am/remake-hdr.am is owned by automake
06:28:00 WARNING /usr/share/automake-1.11/am/scripts.am is owned by automake
06:28:00 WARNING /usr/share/automake-1.11/am/subdirs.am is owned by automake
06:28:00 WARNING /usr/share/automake-1.11/am/tags.am is owned by automake
06:28:00 WARNING /usr/share/automake-1.11/am/texi-vers.am is owned by automake
06:28:00 WARNING /usr/share/automake-1.11/am/texibuild.am is owned by automake
06:28:00 WARNING /usr/share/automake-1.11/am/texinfos.am is owned by automake
06:28:00 WARNING /usr/share/automake-1.11/am/vala.am is owned by automake
06:28:00 WARNING /usr/share/automake-1.11/am/yacc.am is owned by automake
06:28:00 WARNING /usr/share/automake-1.7/am/ansi2knr.am is owned by automake17
06:28:00 WARNING /usr/share/automake-1.7/am/check.am is owned by automake17
06:28:00 WARNING /usr/share/automake-1.7/am/clean-hdr.am is owned by automake17
06:28:00 WARNING /usr/share/automake-1.7/am/clean.am is owned by automake17
06:28:00 WARNING /usr/share/automake-1.7/am/compile.am is owned by automake17
06:28:00 WARNING /usr/share/automake-1.7/am/configure.am is owned by automake17
06:28:00 WARNING /usr/share/automake-1.7/am/data.am is owned by automake17
06:28:00 WARNING /usr/share/automake-1.7/am/dejagnu.am is owned by automake17
06:28:00 WARNING /usr/share/automake-1.7/am/depend.am is owned by automake17
06:28:00 WARNING /usr/share/automake-1.7/am/depend2.am is owned by automake17
06:28:00 WARNING /usr/share/automake-1.7/am/distdir.am is owned by automake17
06:28:00 WARNING /usr/share/automake-1.7/am/footer.am is owned by automake17
06:28:00 WARNING /usr/share/automake-1.7/am/header-vars.am is owned by automake17
06:28:00 WARNING /usr/share/automake-1.7/am/header.am is owned by automake17
06:28:00 WARNING /usr/share/automake-1.7/am/install.am is owned by automake17
06:28:00 WARNING /usr/share/automake-1.7/am/java.am is owned by automake17
06:28:00 WARNING /usr/share/automake-1.7/am/lang-compile.am is owned by automake17
06:28:00 WARNING /usr/share/automake-1.7/am/lex.am is owned by automake17
06:28:00 WARNING /usr/share/automake-1.7/am/library.am is owned by automake17
06:28:00 WARNING /usr/share/automake-1.7/am/libs.am is owned by automake17
06:28:00 WARNING /usr/share/automake-1.7/am/libtool.am is owned by automake17
06:28:00 WARNING /usr/share/automake-1.7/am/lisp.am is owned by automake17
06:28:00 WARNING /usr/share/automake-1.7/am/ltlib.am is owned by automake17
06:28:00 WARNING /usr/share/automake-1.7/am/ltlibrary.am is owned by automake17
06:28:00 WARNING /usr/share/automake-1.7/am/mans-vars.am is owned by automake17
06:28:00 WARNING /usr/share/automake-1.7/am/mans.am is owned by automake17
06:28:00 WARNING /usr/share/automake-1.7/am/multilib.am is owned by automake17
06:28:00 WARNING /usr/share/automake-1.7/am/program.am is owned by automake17
06:28:00 WARNING /usr/share/automake-1.7/am/progs.am is owned by automake17
06:28:00 WARNING /usr/share/automake-1.7/am/python.am is owned by automake17
06:28:00 WARNING /usr/share/automake-1.7/am/remake-hdr.am is owned by automake17
06:28:00 WARNING /usr/share/automake-1.7/am/scripts.am is owned by automake17
06:28:00 WARNING /usr/share/automake-1.7/am/subdirs.am is owned by automake17
06:28:00 WARNING /usr/share/automake-1.7/am/tags.am is owned by automake17
06:28:00 WARNING /usr/share/automake-1.7/am/texi-vers.am is owned by automake17
06:28:00 WARNING /usr/share/automake-1.7/am/texibuild.am is owned by automake17
06:28:00 WARNING /usr/share/automake-1.7/am/texinfos.am is owned by automake17
06:28:00 WARNING /usr/share/automake-1.7/am/yacc.am is owned by automake17
06:28:00 WARNING /var/run/ConsoleKit is owned by ConsoleKit
06:28:00 WARNING /var/run/abrt is owned by abrt
06:28:00 WARNING /var/run/abrtd.pid is owned by abrt
06:28:00 WARNING Filtered out as not supported type: path=/var/run/acpid.socket, type=other
06:28:00 WARNING Filtered out as not permitted to read: path=/var/run/autofs-running, type=file
06:28:00 WARNING Filtered out as not supported type: path=/var/run/autofs.fifo-misc, type=other
06:28:00 WARNING Filtered out as not supported type: path=/var/run/autofs.fifo-net, type=other
06:28:00 WARNING /var/run/avahi-daemon is owned by avahi
06:28:00 WARNING /var/run/console is owned by pam
06:28:00 WARNING Filtered out as not permitted to read: path=/var/run/cron.reboot, type=file
06:28:00 WARNING /var/run/cups is owned by cups
06:28:00 WARNING /var/run/dbus is owned by dbus
06:28:00 WARNING Filtered out as not supported type: path=/var/run/dmeventd-client, type=other
06:28:00 WARNING Filtered out as not supported type: path=/var/run/dmeventd-server, type=other
06:28:00 WARNING /var/run/faillock is owned by pam
06:28:00 WARNING Filtered out as not permitted to read: path=/var/run/gdm, type=dir
06:28:00 WARNING /var/run/libvirt is owned by libvirt
06:28:00 WARNING /var/run/lock is owned by filesystem
06:28:00 WARNING Filtered out as not permitted to read: path=/var/run/lvm, type=dir
06:28:00 WARNING Filtered out as not permitted to read: path=/var/run/mdadm, type=dir
06:28:00 WARNING /var/run/netreport is owned by initscripts
06:28:00 WARNING Filtered out as not permitted to read: path=/var/run/openvpn, type=dir
06:28:00 WARNING /var/run/plymouth is owned by plymouth
06:28:00 WARNING /var/run/pm-utils is owned by pm-utils
06:28:00 WARNING /var/run/ppp is owned by ppp
06:28:00 WARNING Filtered out as not permitted to read: path=/var/run/pptp, type=dir
06:28:00 WARNING /var/run/radvd is owned by radvd
06:28:00 WARNING Filtered out as not supported type: path=/var/run/rpcbind.sock, type=other
06:28:00 WARNING /var/run/saslauthd is owned by cyrus-sasl
06:28:00 WARNING /var/run/screen is owned by screen
06:28:00 WARNING Filtered out as not permitted to read: path=/var/run/sendmail.pid, type=file
06:28:00 WARNING /var/run/sepermit is owned by pam
06:28:00 WARNING /var/run/setrans is owned by libselinux
06:28:00 WARNING Filtered out as not permitted to read: path=/var/run/sm-notify.pid, type=file
06:28:00 WARNING Filtered out as not permitted to read: path=/var/run/udisks, type=dir
06:28:00 WARNING /var/run/utmp is owned by initscripts
06:28:00 WARNING /var/run/vpnc is owned by vpnc
configure.ac:2: installing `./install-sh'
configure.ac:2: installing `./missing'
configure: WARNING: unrecognized options: --disable-dependency-tracking
configure: WARNING: unrecognized options: --disable-dependency-tracking
+ ls /tmp/11
sysdata-0.0.2
+ ls /tmp/11/sysdata-0.0.2/
MANIFEST
MANIFEST.overrides
Makefile
Makefile.am
Makefile.in
README
aclocal.m4
apply-overrides
autom4te.cache
config.log
config.status
configure
configure.ac
install-sh
missing
pmaker-build.stamp
pmaker-config.json
pmaker-configure.stamp
pmaker-filelist.pkl
pmaker-preconfigure.stamp
pmaker-sbuild.stamp
pmaker-setup.stamp
pmaker.configure.log
pmaker.make.log
pmaker.make_dist.log
pmaker.make_rpm.log
pmaker.make_srpm.log
revert-overrides
rpm
rpm.mk
src
sysdata-0.0.2-3.fc16.noarch.rpm
sysdata-0.0.2-3.fc16.src.rpm
sysdata-0.0.2.tar.xz
sysdata-overrides-0.0.2-3.fc16.noarch.rpm
sysdata.spec
+ sed -nr '/^[A-Z][a-z]+:/p' /tmp/11/sysdata-0.0.2/sysdata.spec
Name:           sysdata
Version:        0.0.2
Release:        3%{?dist}
Summary:        System configurations and data files
Group:          System Environment/Base
License:        MIT
Requires:       bash, zsh
Obsoletes:       sysdata
Conflicts:       sysdata-old
Summary:        Some more extra data override files owned by other packages
Group:          System Environment/Base
Requires:       %{name} = %{version}-%{release}
Requires:       cyrus-sasl = 0:2.1.23-25.fc16
Requires:       plymouth = 0:0.8.4-0.20110822.2.fc16
Requires:       ConsoleKit = 0:0.4.5-1.fc15
Requires:       vpnc = 0:0.5.3-13.svn457.fc16
Requires:       ppp = 0:2.4.5-18.fc16
Requires:       automake = 0:1.11.1-5.fc14
Requires:       screen = 0:4.1.0-0.4.20110328git8cf5ef.fc16
Requires:       automake17 = 0:1.7.9-14.fc15.1
Requires:       filesystem = 0:2.4.44-1.fc16
Requires:       initscripts = 0:9.34-2.fc16
Requires:       autofs = 1:5.0.6-3.fc16
Requires:       pam = 0:1.1.5-1.fc16
Requires:       module-init-tools = 0:3.16-5.fc16
Requires:       libvirt = 0:0.9.6-2.fc16
Requires:       chkconfig = 0:1.3.56-1.fc16
Requires:       systemd = 0:37-3.fc16
Requires:       radvd = 0:1.8.2-2.fc16
Requires:       avahi = 0:0.6.30-4.fc16
Requires:       cups = 1:1.5.0-22.fc16
Requires:       libselinux = 0:2.1.6-5.fc16
Requires:       hwdata = 0:0.234-1.fc16
Requires:       dbus = 1:1.4.10-3.fc16
Requires:       abrt = 0:2.0.7-2.fc16
Requires:       pm-utils = 0:1.4.1-12.fc16
+ rpm -qlp /tmp/11/sysdata-0.0.2/sysdata-0.0.2-3.fc16.noarch.rpm
/etc/modprobe.d/anaconda.conf
/etc/new-file-to-be-generated
/usr/share/doc/sysdata-0.0.2
/usr/share/doc/sysdata-0.0.2/README
/usr/share/doc/sysdata-0.0.2/pmaker-config.json
/var/lib/network/resolv.conf
/var/run/acpid.pid
/var/run/atd.pid
/var/run/auditd.pid
/var/run/autofs.pid
/var/run/console-kit-daemon.pid
/var/run/crond.pid
/var/run/dhclient-em1.pid
/var/run/gdm.pid
/var/run/initramfs
/var/run/libvirtd.pid
/var/run/messagebus.pid
/var/run/mount
/var/run/nm-dhclient-em1.conf
/var/run/rpc.statd.pid
/var/run/rpcbind.lock
/var/run/sm-client.pid
/var/run/sshd.pid
/var/run/syslogd.pid
/var/run/systemd
/var/run/udev
/var/run/user
+ rpm -qlp /tmp/11/sysdata-0.0.2/sysdata-overrides-0.0.2-3.fc16.noarch.rpm
/usr/libexec/sysdata-overrides/apply-overrides
/usr/libexec/sysdata-overrides/revert-overrides
/usr/share/doc/sysdata-overrides-0.0.2
/usr/share/doc/sysdata-overrides-0.0.2/README
/usr/share/doc/sysdata-overrides-0.0.2/pmaker-config.json
/var/lib/sysdata-overrides/new/etc/auto.master
/var/lib/sysdata-overrides/new/etc/auto.master.d
/var/lib/sysdata-overrides/new/etc/auto.misc
/var/lib/sysdata-overrides/new/etc/auto.net
/var/lib/sysdata-overrides/new/etc/auto.smb
/var/lib/sysdata-overrides/new/etc/modprobe.d/blacklist.conf
/var/lib/sysdata-overrides/new/etc/modprobe.d/dist-alsa.conf
/var/lib/sysdata-overrides/new/etc/modprobe.d/dist-oss.conf
/var/lib/sysdata-overrides/new/etc/modprobe.d/dist.conf
/var/lib/sysdata-overrides/new/etc/modprobe.d/udlfb.conf
/var/lib/sysdata-overrides/new/etc/rc.d/init.d
/var/lib/sysdata-overrides/new/usr/share/automake-1.11/am/ansi2knr.am
/var/lib/sysdata-overrides/new/usr/share/automake-1.11/am/check.am
/var/lib/sysdata-overrides/new/usr/share/automake-1.11/am/check2.am
/var/lib/sysdata-overrides/new/usr/share/automake-1.11/am/clean-hdr.am
/var/lib/sysdata-overrides/new/usr/share/automake-1.11/am/clean.am
/var/lib/sysdata-overrides/new/usr/share/automake-1.11/am/compile.am
/var/lib/sysdata-overrides/new/usr/share/automake-1.11/am/configure.am
/var/lib/sysdata-overrides/new/usr/share/automake-1.11/am/data.am
/var/lib/sysdata-overrides/new/usr/share/automake-1.11/am/dejagnu.am
/var/lib/sysdata-overrides/new/usr/share/automake-1.11/am/depend.am
/var/lib/sysdata-overrides/new/usr/share/automake-1.11/am/depend2.am
/var/lib/sysdata-overrides/new/usr/share/automake-1.11/am/distdir.am
/var/lib/sysdata-overrides/new/usr/share/automake-1.11/am/footer.am
/var/lib/sysdata-overrides/new/usr/share/automake-1.11/am/header-vars.am
/var/lib/sysdata-overrides/new/usr/share/automake-1.11/am/header.am
/var/lib/sysdata-overrides/new/usr/share/automake-1.11/am/inst-vars.am
/var/lib/sysdata-overrides/new/usr/share/automake-1.11/am/install.am
/var/lib/sysdata-overrides/new/usr/share/automake-1.11/am/java.am
/var/lib/sysdata-overrides/new/usr/share/automake-1.11/am/lang-compile.am
/var/lib/sysdata-overrides/new/usr/share/automake-1.11/am/lex.am
/var/lib/sysdata-overrides/new/usr/share/automake-1.11/am/library.am
/var/lib/sysdata-overrides/new/usr/share/automake-1.11/am/libs.am
/var/lib/sysdata-overrides/new/usr/share/automake-1.11/am/libtool.am
/var/lib/sysdata-overrides/new/usr/share/automake-1.11/am/lisp.am
/var/lib/sysdata-overrides/new/usr/share/automake-1.11/am/ltlib.am
/var/lib/sysdata-overrides/new/usr/share/automake-1.11/am/ltlibrary.am
/var/lib/sysdata-overrides/new/usr/share/automake-1.11/am/mans-vars.am
/var/lib/sysdata-overrides/new/usr/share/automake-1.11/am/mans.am
/var/lib/sysdata-overrides/new/usr/share/automake-1.11/am/multilib.am
/var/lib/sysdata-overrides/new/usr/share/automake-1.11/am/program.am
/var/lib/sysdata-overrides/new/usr/share/automake-1.11/am/progs.am
/var/lib/sysdata-overrides/new/usr/share/automake-1.11/am/python.am
/var/lib/sysdata-overrides/new/usr/share/automake-1.11/am/remake-hdr.am
/var/lib/sysdata-overrides/new/usr/share/automake-1.11/am/scripts.am
/var/lib/sysdata-overrides/new/usr/share/automake-1.11/am/subdirs.am
/var/lib/sysdata-overrides/new/usr/share/automake-1.11/am/tags.am
/var/lib/sysdata-overrides/new/usr/share/automake-1.11/am/texi-vers.am
/var/lib/sysdata-overrides/new/usr/share/automake-1.11/am/texibuild.am
/var/lib/sysdata-overrides/new/usr/share/automake-1.11/am/texinfos.am
/var/lib/sysdata-overrides/new/usr/share/automake-1.11/am/vala.am
/var/lib/sysdata-overrides/new/usr/share/automake-1.11/am/yacc.am
/var/lib/sysdata-overrides/new/usr/share/automake-1.7/am/ansi2knr.am
/var/lib/sysdata-overrides/new/usr/share/automake-1.7/am/check.am
/var/lib/sysdata-overrides/new/usr/share/automake-1.7/am/clean-hdr.am
/var/lib/sysdata-overrides/new/usr/share/automake-1.7/am/clean.am
/var/lib/sysdata-overrides/new/usr/share/automake-1.7/am/compile.am
/var/lib/sysdata-overrides/new/usr/share/automake-1.7/am/configure.am
/var/lib/sysdata-overrides/new/usr/share/automake-1.7/am/data.am
/var/lib/sysdata-overrides/new/usr/share/automake-1.7/am/dejagnu.am
/var/lib/sysdata-overrides/new/usr/share/automake-1.7/am/depend.am
/var/lib/sysdata-overrides/new/usr/share/automake-1.7/am/depend2.am
/var/lib/sysdata-overrides/new/usr/share/automake-1.7/am/distdir.am
/var/lib/sysdata-overrides/new/usr/share/automake-1.7/am/footer.am
/var/lib/sysdata-overrides/new/usr/share/automake-1.7/am/header-vars.am
/var/lib/sysdata-overrides/new/usr/share/automake-1.7/am/header.am
/var/lib/sysdata-overrides/new/usr/share/automake-1.7/am/install.am
/var/lib/sysdata-overrides/new/usr/share/automake-1.7/am/java.am
/var/lib/sysdata-overrides/new/usr/share/automake-1.7/am/lang-compile.am
/var/lib/sysdata-overrides/new/usr/share/automake-1.7/am/lex.am
/var/lib/sysdata-overrides/new/usr/share/automake-1.7/am/library.am
/var/lib/sysdata-overrides/new/usr/share/automake-1.7/am/libs.am
/var/lib/sysdata-overrides/new/usr/share/automake-1.7/am/libtool.am
/var/lib/sysdata-overrides/new/usr/share/automake-1.7/am/lisp.am
/var/lib/sysdata-overrides/new/usr/share/automake-1.7/am/ltlib.am
/var/lib/sysdata-overrides/new/usr/share/automake-1.7/am/ltlibrary.am
/var/lib/sysdata-overrides/new/usr/share/automake-1.7/am/mans-vars.am
/var/lib/sysdata-overrides/new/usr/share/automake-1.7/am/mans.am
/var/lib/sysdata-overrides/new/usr/share/automake-1.7/am/multilib.am
/var/lib/sysdata-overrides/new/usr/share/automake-1.7/am/program.am
/var/lib/sysdata-overrides/new/usr/share/automake-1.7/am/progs.am
/var/lib/sysdata-overrides/new/usr/share/automake-1.7/am/python.am
/var/lib/sysdata-overrides/new/usr/share/automake-1.7/am/remake-hdr.am
/var/lib/sysdata-overrides/new/usr/share/automake-1.7/am/scripts.am
/var/lib/sysdata-overrides/new/usr/share/automake-1.7/am/subdirs.am
/var/lib/sysdata-overrides/new/usr/share/automake-1.7/am/tags.am
/var/lib/sysdata-overrides/new/usr/share/automake-1.7/am/texi-vers.am
/var/lib/sysdata-overrides/new/usr/share/automake-1.7/am/texibuild.am
/var/lib/sysdata-overrides/new/usr/share/automake-1.7/am/texinfos.am
/var/lib/sysdata-overrides/new/usr/share/automake-1.7/am/yacc.am
/var/lib/sysdata-overrides/new/var/run/ConsoleKit
/var/lib/sysdata-overrides/new/var/run/abrt
/var/lib/sysdata-overrides/new/var/run/abrtd.pid
/var/lib/sysdata-overrides/new/var/run/avahi-daemon
/var/lib/sysdata-overrides/new/var/run/console
/var/lib/sysdata-overrides/new/var/run/cups
/var/lib/sysdata-overrides/new/var/run/dbus
/var/lib/sysdata-overrides/new/var/run/faillock
/var/lib/sysdata-overrides/new/var/run/libvirt
/var/lib/sysdata-overrides/new/var/run/lock
/var/lib/sysdata-overrides/new/var/run/netreport
/var/lib/sysdata-overrides/new/var/run/plymouth
/var/lib/sysdata-overrides/new/var/run/pm-utils
/var/lib/sysdata-overrides/new/var/run/ppp
/var/lib/sysdata-overrides/new/var/run/radvd
/var/lib/sysdata-overrides/new/var/run/saslauthd
/var/lib/sysdata-overrides/new/var/run/screen
/var/lib/sysdata-overrides/new/var/run/sepermit
/var/lib/sysdata-overrides/new/var/run/setrans
/var/lib/sysdata-overrides/new/var/run/utmp
/var/lib/sysdata-overrides/new/var/run/vpnc
/var/lib/sysdata-overrides/saved
